Reloj: Tiempo,Pedido: Pedido,Tipo de producto: Tipo de producto,Estado: Estado,Local: Local,Repartidor: Repartidor
Order 1 generated, starting time: 1
Order 2 generated, starting time: 2
Order 3 generated, starting time: 3
Order 4 generated, starting time: 4
Order 5 generated, starting time: 5
Order 6 generated, starting time: 6
Order 7 generated, starting time: 7
Order 8 generated, starting time: 8
Order 9 generated, starting time: 9
Order 10 generated, starting time: 10
Order 11 generated, starting time: 11
Order 12 generated, starting time: 12
Order 13 generated, starting time: 13
Order 14 generated, starting time: 14
Business 1 generated, address(x,y): 1,0
Cooker with foodType PIZZERIA added to previous business, simultaneous meals: 4
Cooker with foodType ROTISERIA added to previous business, simultaneous meals: 1
Business 2 generated, address(x,y): 3,1
Cooker with foodType PIZZERIA added to previous business, simultaneous meals: 3
Cooker with foodType CONFITERIA added to previous business, simultaneous meals: 2
Business 3 generated, address(x,y): 2,2
Cooker with foodType PIZZERIA added to previous business, simultaneous meals: 2
Rider 1 generated, address(x,y): 2,0
Rider 2 generated, address(x,y): 2,1
Rider 3 generated, address(x,y): 5,2
Rider 4 generated, address(x,y): 2,3
Rider 5 generated, address(x,y): 6,1
Rider 6 generated, address(x,y): 1,0
Rider 7 generated, address(x,y): 8,3
Rider 8 generated, address(x,y): 4,0
Rider 9 generated, address(x,y): 4,1
Rider 10 generated, address(x,y): 1,2
